{
  "RSpec": {
    "coverage": {
      "/home/rohan/Documents/_1web-practise/mid2018_wae/config/environment.rb": [
        null,
        1,
        null,
        null,
        1
      ],
      "/home/rohan/Documents/_1web-practise/mid2018_wae/config/environments/test.rb": [
        1,
        null,
        null,
        null,
        null,
        null,
        null,
        1,
        null,
        null,
        null,
        null,
        1,
        null,
        null,
        1,
        1,
        null,
        null,
        null,
        null,
        1,
        1,
        null,
        null,
        1,
        null,
        null,
        1,
        null,
        null,
        1,
        null,
        1,
        null,
        null,
        null,
        null,
        1,
        null,
        null,
        1,
        null,
        null,
        null,
        null
      ],
      "/home/rohan/Documents/_1web-practise/mid2018_wae/config/initializers/application_controller_renderer.rb": [
        null,
        null,
        null,
        null,
        null,
        null,
        null,
        null
      ],
      "/home/rohan/Documents/_1web-practise/mid2018_wae/config/initializers/assets.rb": [
        null,
        null,
        null,
        1,
        null,
        null,
        null,
        null,
        1,
        null,
        null,
        null,
        null,
        null
      ],
      "/home/rohan/Documents/_1web-practise/mid2018_wae/config/initializers/backtrace_silencers.rb": [
        null,
        null,
        null,
        null,
        null,
        null,
        null
      ],
      "/home/rohan/Documents/_1web-practise/mid2018_wae/config/initializers/content_security_policy.rb": [
        null,
        null,
        null,
        null,
        null,
        null,
        null,
        null,
        null,
        null,
        null,
        null,
        null,
        null,
        null,
        null,
        null,
        null,
        null,
        null,
        null,
        null,
        null,
        null,
        null
      ],
      "/home/rohan/Documents/_1web-practise/mid2018_wae/config/initializers/cookies_serializer.rb": [
        null,
        null,
        null,
        null,
        1
      ],
      "/home/rohan/Documents/_1web-practise/mid2018_wae/config/initializers/devise.rb": [
        null,
        null,
        null,
        null,
        1,
        null,
        null,
        null,
        null,
        null,
        null,
        null,
        null,
        null,
        null,
        null,
        null,
        null,
        null,
        null,
        1,
        null,
        null,
        null,
        null,
        null,
        null,
        null,
        null,
        null,
        null,
        null,
        1,
        null,
        null,
        null,
        null,
        null,
        null,
        null,
        null,
        null,
        null,
        null,
        null,
        null,
        null,
        null,
        null,
        null,
        null,
        null,
        null,
        null,
        1,
        null,
        null,
        null,
        null,
        1,
        null,
        null,
        null,
        null,
        null,
        null,
        null,
        null,
        null,
        null,
        null,
        null,
        null,
        null,
        null,
        null,
        null,
        null,
        null,
        null,
        null,
        null,
        null,
        null,
        null,
        null,
        null,
        null,
        null,
        null,
        1,
        null,
        null,
        null,
        null,
        null,
        null,
        null,
        null,
        null,
        null,
        null,
        null,
        null,
        null,
        null,
        null,
        null,
        null,
        null,
        null,
        null,
        null,
        1,
        null,
        null,
        null,
        null,
        null,
        null,
        null,
        null,
        null,
        null,
        null,
        null,
        null,
        null,
        null,
        null,
        null,
        null,
        null,
        null,
        null,
        null,
        null,
        null,
        null,
        null,
        null,
        null,
        null,
        null,
        1,
        null,
        null,
        null,
        null,
        null,
        null,
        null,
        null,
        null,
        1,
        null,
        null,
        null,
        null,
        null,
        null,
        null,
        null,
        null,
        null,
        1,
        null,
        null,
        null,
        null,
        1,
        null,
        null,
        null,
        null,
        null,
        null,
        null,
        null,
        null,
        null,
        null,
        null,
        null,
        null,
        null,
        null,
        null,
        null,
        null,
        null,
        null,
        null,
        null,
        null,
        null,
        null,
        null,
        null,
        null,
        null,
        null,
        null,
        null,
        null,
        null,
        null,
        null,
        null,
        null,
        null,
        1,
        null,
        null,
        null,
        null,
        null,
        null,
        null,
        null,
        null,
        null,
        null,
        null,
        null,
        null,
        null,
        null,
        null,
        null,
        null,
        null,
        null,
        null,
        null,
        null,
        null,
        null,
        null,
        null,
        null,
        null,
        null,
        null,
        null,
        null,
        null,
        null,
        null,
        null,
        null,
        null,
        null,
        1,
        null,
        null,
        null,
        null,
        null,
        null,
        null,
        null,
        null,
        null,
        null,
        null,
        null,
        null,
        null,
        null,
        null,
        null,
        null,
        null,
        null,
        null,
        null,
        null,
        null,
        null,
        null,
        null,
        null,
        null,
        null,
        null,
        null,
        null,
        null,
        null
      ],
      "/home/rohan/Documents/_1web-practise/mid2018_wae/config/initializers/filter_parameter_logging.rb": [
        null,
        null,
        null,
        1
      ],
      "/home/rohan/Documents/_1web-practise/mid2018_wae/config/initializers/inflections.rb": [
        null,
        null,
        null,
        null,
        null,
        null,
        null,
        null,
        null,
        null,
        null,
        null,
        null,
        null,
        null,
        null
      ],
      "/home/rohan/Documents/_1web-practise/mid2018_wae/config/initializers/mime_types.rb": [
        null,
        null,
        null,
        null
      ],
      "/home/rohan/Documents/_1web-practise/mid2018_wae/config/initializers/wrap_parameters.rb": [
        null,
        null,
        null,
        null,
        null,
        null,
        1,
        2,
        null,
        null,
        null,
        null,
        null,
        null
      ],
      "/home/rohan/Documents/_1web-practise/mid2018_wae/config/routes.rb": [
        1,
        1,
        1,
        1,
        1,
        null,
        null
      ],
      "/home/rohan/Documents/_1web-practise/mid2018_wae/app/models/user.rb": [
        1,
        null,
        null,
        1,
        null,
        1,
        1,
        null,
        null,
        1,
        1,
        1,
        null
      ],
      "/home/rohan/Documents/_1web-practise/mid2018_wae/app/models/application_record.rb": [
        1,
        1,
        null
      ],
      "/home/rohan/Documents/_1web-practise/mid2018_wae/test/controllers/site_controller_test.rb": [
        1,
        null,
        1,
        1,
        1,
        1,
        null,
        null,
        null
      ],
      "/home/rohan/Documents/_1web-practise/mid2018_wae/test/models/account_owner_test.rb": [
        1,
        null,
        1,
        null,
        null,
        null,
        null
      ],
      "/home/rohan/Documents/_1web-practise/mid2018_wae/test/models/account_test.rb": [
        1,
        null,
        1,
        null,
        null,
        null,
        null
      ],
      "/home/rohan/Documents/_1web-practise/mid2018_wae/test/models/user_test.rb": [
        1,
        null,
        1,
        null,
        null,
        null,
        null
      ],
      "/home/rohan/Documents/_1web-practise/mid2018_wae/app/models/account_owner.rb": [
        1,
        1,
        1,
        null
      ],
      "/home/rohan/Documents/_1web-practise/mid2018_wae/app/controllers/accounts_controller.rb": [
        1,
        1,
        null,
        null,
        null,
        1,
        1,
        null,
        null,
        null,
        null,
        null,
        1,
        null,
        null,
        null,
        1,
        1,
        null,
        null,
        null,
        1,
        null,
        null,
        null,
        null,
        1,
        3,
        null,
        3,
        3,
        6,
        3,
        null,
        0,
        0,
        null,
        null,
        null,
        null,
        null,
        null,
        1,
        3,
        3,
        6,
        3,
        null,
        0,
        0,
        null,
        null,
        null,
        null,
        null,
        null,
        1,
        2,
        0,
        0,
        0,
        null,
        null,
        null,
        1,
        null,
        1,
        7,
        null,
        null,
        null,
        1,
        6,
        null,
        null,
        null
      ],
      "/home/rohan/Documents/_1web-practise/mid2018_wae/app/controllers/application_controller.rb": [
        1,
        null
      ],
      "/home/rohan/Documents/_1web-practise/mid2018_wae/app/helpers/application_helper.rb": [
        1,
        null
      ],
      "/home/rohan/Documents/_1web-practise/mid2018_wae/app/helpers/accounts_helper.rb": [
        1,
        null
      ],
      "/home/rohan/Documents/_1web-practise/mid2018_wae/app/helpers/site_helper.rb": [
        1,
        null
      ],
      "/home/rohan/Documents/_1web-practise/mid2018_wae/app/controllers/site_controller.rb": [
        1,
        1,
        1,
        null,
        null
      ]
    },
    "timestamp": 1542636800
  }
}
